2024-10-18 13:37:44,592 [Worker-4: Loading available Gradle versions] INFO  o.e.b.c.i.u.g.PublishedGradleVersions - Gradle version information cache is up-to-date. Trying to read.
2024-10-18 13:40:05,025 [Worker-10: Creating project "AppliBenevolat"] INFO  o.e.m.c.i.e.AbstractTransferListenerAdapter - Downloading https://repo.maven.apache.org/maven2/org/apache/maven/plugins/maven-jar-plugin/3.4.1/maven-jar-plugin-3.4.1.jar
2024-10-18 13:40:05,057 [Worker-10: Creating project "AppliBenevolat"] INFO  o.e.m.c.i.e.AbstractTransferListenerAdapter - Downloaded https://repo.maven.apache.org/maven2/org/apache/maven/plugins/maven-jar-plugin/3.4.1/maven-jar-plugin-3.4.1.jar
2024-10-18 13:40:06,774 [Worker-10: Creating project "AppliBenevolat"] INFO  o.e.m.c.i.l.LifecycleMappingFactory - Using org.eclipse.m2e.jdt.JarLifecycleMapping lifecycle mapping for MavenProject: fr.insa.ws.applibenevolat:AppliBenevolat:0.0.1-SNAPSHOT @ /home/norgeux/Bureau/5SDBD_SOA/AppliBenevolat/AppliBenevolat/pom.xml.
2024-10-18 13:40:06,888 [Worker-10: Creating project "AppliBenevolat"] INFO  o.e.m.c.i.e.AbstractTransferListenerAdapter - Downloading https://repo.maven.apache.org/maven2/org/apache/maven/plugins/maven-jar-plugin/3.4.1/maven-jar-plugin-3.4.1.pom
2024-10-18 13:40:06,904 [Worker-10: Creating project "AppliBenevolat"] INFO  o.e.m.c.i.e.AbstractTransferListenerAdapter - Downloaded https://repo.maven.apache.org/maven2/org/apache/maven/plugins/maven-jar-plugin/3.4.1/maven-jar-plugin-3.4.1.pom
2024-10-18 13:40:08,273 [Worker-10: Creating project "AppliBenevolat"] INFO  o.e.m.j.i.AbstractJavaProjectConfigurator - Adding source folder /AppliBenevolat/src/main/java
2024-10-18 13:40:08,274 [Worker-10: Creating project "AppliBenevolat"] INFO  o.e.m.j.i.AbstractJavaProjectConfigurator - Adding resource folder /AppliBenevolat/src/main/resources
2024-10-18 13:40:08,275 [Worker-10: Creating project "AppliBenevolat"] INFO  o.e.m.j.i.AbstractJavaProjectConfigurator - Adding source folder /AppliBenevolat/src/test/java
2024-10-18 13:40:08,275 [Worker-10: Creating project "AppliBenevolat"] INFO  o.e.m.j.i.AbstractJavaProjectConfigurator - Adding resource folder /AppliBenevolat/src/test/resources
2024-10-18 13:40:09,083 [Worker-18: Building] WARN  o.a.m.s.f.DefaultMavenResourcesFiltering - Using platform encoding (UTF-8 actually) to copy filtered resources, i.e. build is platform dependent!
2024-10-18 13:40:09,087 [Worker-18: Building] INFO  o.a.m.s.f.DefaultMavenResourcesFiltering - Copying 0 resource from src/main/resources to target/classes
2024-10-18 13:40:09,090 [Worker-18: Building] WARN  o.a.m.s.f.DefaultMavenResourcesFiltering - Using platform encoding (UTF-8 actually) to copy filtered resources, i.e. build is platform dependent!
2024-10-18 13:40:09,091 [Worker-18: Building] INFO  o.a.m.s.f.DefaultMavenResourcesFiltering - Copying 0 resource from src/test/resources to target/test-classes
2024-10-18 13:42:16,933 [Worker-4: Loading available Gradle versions] INFO  o.e.b.c.i.u.g.PublishedGradleVersions - Gradle version information cache is up-to-date. Trying to read.
2024-10-18 13:42:17,220 [Worker-5: reload maven project] ERROR o.e.m.c.i.p.r.ProjectRegistryManager - Failed to read Maven project: Some problems were encountered while processing the POMs:
[FATAL] Non-readable POM /home/norgeux/Bureau/5SDBD_SOA/AppliBenevolat/AppliBenevolat/pom.xml: /home/norgeux/Bureau/5SDBD_SOA/AppliBenevolat/AppliBenevolat/pom.xml (Aucun fichier ou dossier de ce nom) @ 

org.apache.maven.project.ProjectBuildingException: Some problems were encountered while processing the POMs:
[FATAL] Non-readable POM /home/norgeux/Bureau/5SDBD_SOA/AppliBenevolat/AppliBenevolat/pom.xml: /home/norgeux/Bureau/5SDBD_SOA/AppliBenevolat/AppliBenevolat/pom.xml (Aucun fichier ou dossier de ce nom) @ 

	at org.eclipse.m2e.core.internal.IMavenToolbox.readMavenProjects(IMavenToolbox.java:140)
	at org.eclipse.m2e.core.internal.project.registry.ProjectRegistryManager.lambda$22(ProjectRegistryManager.java:943)
	at org.eclipse.m2e.core.internal.embedder.MavenExecutionContext.executeBare(MavenExecutionContext.java:458)
	at org.eclipse.m2e.core.internal.embedder.MavenExecutionContext.execute(MavenExecutionContext.java:339)
	at org.eclipse.m2e.core.internal.embedder.MavenExecutionContext.execute(MavenExecutionContext.java:278)
	at org.eclipse.m2e.core.internal.project.registry.ProjectRegistryManager.readProjectsWithDependencies(ProjectRegistryManager.java:939)
	at org.eclipse.m2e.core.internal.project.registry.ProjectRegistryManager.create(ProjectRegistryManager.java:219)
	at org.eclipse.m2e.core.internal.project.registry.MavenProjectManager.create(MavenProjectManager.java:105)
	at org.eclipse.m2e.core.ui.internal.actions.SelectionUtil.getMavenProject(SelectionUtil.java:239)
	at org.eclipse.m2e.editor.pom.MavenPomEditor.readMavenProject(MavenPomEditor.java:709)
	at org.eclipse.m2e.editor.pom.MavenPomEditor$4.run(MavenPomEditor.java:1029)
	at org.eclipse.core.internal.jobs.Worker.run(Worker.java:63)
2024-10-18 13:43:21,413 [Worker-7: Creating project "AppliSOAP"] INFO  o.e.m.c.i.l.LifecycleMappingFactory - Using org.eclipse.m2e.jdt.JarLifecycleMapping lifecycle mapping for MavenProject: fr.insa.ws.soap:AppliSOAP:0.0.1-SNAPSHOT @ /home/norgeux/Bureau/5SDBD_SOA/AppliBenevolat/AppliSOAP/pom.xml.
2024-10-18 13:43:21,997 [Worker-7: Creating project "AppliSOAP"] INFO  o.e.m.j.i.AbstractJavaProjectConfigurator - Adding source folder /AppliSOAP/src/main/java
2024-10-18 13:43:21,999 [Worker-7: Creating project "AppliSOAP"] INFO  o.e.m.j.i.AbstractJavaProjectConfigurator - Adding resource folder /AppliSOAP/src/main/resources
2024-10-18 13:43:21,999 [Worker-7: Creating project "AppliSOAP"] INFO  o.e.m.j.i.AbstractJavaProjectConfigurator - Adding source folder /AppliSOAP/src/test/java
2024-10-18 13:43:22,000 [Worker-7: Creating project "AppliSOAP"] INFO  o.e.m.j.i.AbstractJavaProjectConfigurator - Adding resource folder /AppliSOAP/src/test/resources
2024-10-18 13:43:22,503 [Worker-6: Building] WARN  o.a.m.s.f.DefaultMavenResourcesFiltering - Using platform encoding (UTF-8 actually) to copy filtered resources, i.e. build is platform dependent!
2024-10-18 13:43:22,507 [Worker-6: Building] INFO  o.a.m.s.f.DefaultMavenResourcesFiltering - Copying 0 resource from src/main/resources to target/classes
2024-10-18 13:43:22,510 [Worker-6: Building] WARN  o.a.m.s.f.DefaultMavenResourcesFiltering - Using platform encoding (UTF-8 actually) to copy filtered resources, i.e. build is platform dependent!
2024-10-18 13:43:22,512 [Worker-6: Building] INFO  o.a.m.s.f.DefaultMavenResourcesFiltering - Copying 0 resource from src/test/resources to target/test-classes
2024-11-06 15:45:28,072 [Worker-4: Loading available Gradle versions] INFO  o.e.b.c.i.u.g.PublishedGradleVersions - Gradle version information cache is out-of-date. Trying to update.
